[02-May-2025 10:37:09 UTC] PHP Warning:  Attempt to read property "title" on null in C:\Users\Lesya\Local Sites\portfolio\app\public\wp-includes\class-wp-customize-widgets.php on line 926
[02-May-2025 10:38:13 UTC] PHP Parse error:  syntax error, unexpected end of file in C:\Users\Lesya\Local Sites\portfolio\app\public\wp-content\themes\intentionally-blank\content.php on line 2
[02-May-2025 10:38:44 UTC] PHP Parse error:  syntax error, unexpected end of file in C:\Users\Lesya\Local Sites\portfolio\app\public\wp-content\themes\intentionally-blank\content.php on line 2
[02-May-2025 12:03:45 UTC] PHP Parse error:  Unclosed '{' on line 4 in C:\Users\Lesya\Local Sites\portfolio\app\public\wp-content\themes\intentionally-blank\content.php on line 22
[05-May-2025 11:01:24 UTC] PHP Parse error:  Unclosed '{' on line 16 in C:\Users\Lesya\Local Sites\portfolio\app\public\wp-content\themes\intentionally-blank\functions.php on line 19
[05-May-2025 11:01:25 UTC] PHP Warning:  Trying to access array offset on value of type bool in C:\Users\Lesya\Local Sites\portfolio\app\public\wp-includes\class-wp-recovery-mode-email-service.php on line 367
[05-May-2025 11:01:25 UTC] PHP Warning:  Trying to access array offset on value of type bool in C:\Users\Lesya\Local Sites\portfolio\app\public\wp-includes\class-wp-recovery-mode-email-service.php on line 368
[05-May-2025 11:01:56 UTC] PHP Parse error:  Unclosed '{' on line 16 in C:\Users\Lesya\Local Sites\portfolio\app\public\wp-content\themes\intentionally-blank\functions.php on line 19
[05-May-2025 11:01:57 UTC] PHP Parse error:  Unclosed '{' on line 16 in C:\Users\Lesya\Local Sites\portfolio\app\public\wp-content\themes\intentionally-blank\functions.php on line 19
[08-May-2025 12:09:38 UTC] PHP Fatal error:  Uncaught ArgumentCountError: _() expects exactly 1 argument, 2 given in C:\Users\Lesya\Local Sites\portfolio\app\public\wp-content\themes\portfolio\page.php:11
Stack trace:
#0 C:\Users\Lesya\Local Sites\portfolio\app\public\wp-content\themes\portfolio\page.php(11): _('Hello World', 'portfolio')
#1 C:\Users\Lesya\Local Sites\portfolio\app\public\wp-includes\template-loader.php(106): include('C:\\Users\\Lesya\\...')
#2 C:\Users\Lesya\Local Sites\portfolio\app\public\wp-blog-header.php(19): require_once('C:\\Users\\Lesya\\...')
#3 C:\Users\Lesya\Local Sites\portfolio\app\public\index.php(17): require('C:\\Users\\Lesya\\...')
#4 {main}
  thrown in C:\Users\Lesya\Local Sites\portfolio\app\public\wp-content\themes\portfolio\page.php on line 11
[08-May-2025 12:12:55 UTC] PHP Fatal error:  Cannot redeclare portfolio_scripts() (previously declared in C:\Users\Lesya\Local Sites\portfolio\app\public\wp-content\themes\portfolio\functions.php:15) in C:\Users\Lesya\Local Sites\portfolio\app\public\wp-content\themes\portfolio\inc\_custom.php on line 29
[08-May-2025 12:12:55 UTC] PHP Fatal error:  Cannot redeclare portfolio_scripts() (previously declared in C:\Users\Lesya\Local Sites\portfolio\app\public\wp-content\themes\portfolio\functions.php:15) in C:\Users\Lesya\Local Sites\portfolio\app\public\wp-content\themes\portfolio\inc\_custom.php on line 29
[08-May-2025 12:15:31 UTC] PHP Fatal error:  Cannot redeclare portfolio_scripts() (previously declared in C:\Users\Lesya\Local Sites\portfolio\app\public\wp-content\themes\portfolio\functions.php:15) in C:\Users\Lesya\Local Sites\portfolio\app\public\wp-content\themes\portfolio\inc\_custom.php on line 21
[08-May-2025 12:15:31 UTC] PHP Fatal error:  Cannot redeclare portfolio_scripts() (previously declared in C:\Users\Lesya\Local Sites\portfolio\app\public\wp-content\themes\portfolio\functions.php:15) in C:\Users\Lesya\Local Sites\portfolio\app\public\wp-content\themes\portfolio\inc\_custom.php on line 21
[08-May-2025 12:15:33 UTC] PHP Fatal error:  Cannot redeclare portfolio_scripts() (previously declared in C:\Users\Lesya\Local Sites\portfolio\app\public\wp-content\themes\portfolio\functions.php:15) in C:\Users\Lesya\Local Sites\portfolio\app\public\wp-content\themes\portfolio\inc\_custom.php on line 21
[08-May-2025 12:15:33 UTC] PHP Fatal error:  Cannot redeclare portfolio_scripts() (previously declared in C:\Users\Lesya\Local Sites\portfolio\app\public\wp-content\themes\portfolio\functions.php:15) in C:\Users\Lesya\Local Sites\portfolio\app\public\wp-content\themes\portfolio\inc\_custom.php on line 21
[09-May-2025 06:48:53 UTC] PHP Warning:  include(): http:// wrapper is disabled in the server configuration by allow_url_include=0 in C:\Users\Lesya\Local Sites\portfolio\app\public\wp-content\themes\portfolio\home-page.php on line 10
[09-May-2025 06:48:53 UTC] PHP Warning:  include(http://portfolio.local/wp-content/themes/portfolio/assets/html/grid.html): Failed to open stream: no suitable wrapper could be found in C:\Users\Lesya\Local Sites\portfolio\app\public\wp-content\themes\portfolio\home-page.php on line 10
[09-May-2025 06:48:53 UTC] PHP Warning:  include(): Failed opening 'http://portfolio.local/wp-content/themes/portfolio/assets/html/grid.html' for inclusion (include_path='.:/usr/share/php:/www/wp-content/pear') in C:\Users\Lesya\Local Sites\portfolio\app\public\wp-content\themes\portfolio\home-page.php on line 10
[09-May-2025 06:49:59 UTC] PHP Warning:  require(): http:// wrapper is disabled in the server configuration by allow_url_include=0 in C:\Users\Lesya\Local Sites\portfolio\app\public\wp-content\themes\portfolio\home-page.php on line 10
[09-May-2025 06:49:59 UTC] PHP Warning:  require(http://portfolio.local/wp-content/themes/portfolio/assets/html/grid.html): Failed to open stream: no suitable wrapper could be found in C:\Users\Lesya\Local Sites\portfolio\app\public\wp-content\themes\portfolio\home-page.php on line 10
[09-May-2025 06:49:59 UTC] PHP Fatal error:  Uncaught Error: Failed opening required 'http://portfolio.local/wp-content/themes/portfolio/assets/html/grid.html' (include_path='.:/usr/share/php:/www/wp-content/pear') in C:\Users\Lesya\Local Sites\portfolio\app\public\wp-content\themes\portfolio\home-page.php:10
Stack trace:
#0 C:\Users\Lesya\Local Sites\portfolio\app\public\wp-includes\template-loader.php(106): include()
#1 C:\Users\Lesya\Local Sites\portfolio\app\public\wp-blog-header.php(19): require_once('C:\\Users\\Lesya\\...')
#2 C:\Users\Lesya\Local Sites\portfolio\app\public\index.php(17): require('C:\\Users\\Lesya\\...')
#3 {main}
  thrown in C:\Users\Lesya\Local Sites\portfolio\app\public\wp-content\themes\portfolio\home-page.php on line 10
[09-May-2025 06:50:03 UTC] PHP Warning:  require(): http:// wrapper is disabled in the server configuration by allow_url_include=0 in C:\Users\Lesya\Local Sites\portfolio\app\public\wp-content\themes\portfolio\home-page.php on line 10
[09-May-2025 06:50:03 UTC] PHP Warning:  require(http://portfolio.local/wp-content/themes/portfolio/assets/html/grid.html): Failed to open stream: no suitable wrapper could be found in C:\Users\Lesya\Local Sites\portfolio\app\public\wp-content\themes\portfolio\home-page.php on line 10
[09-May-2025 06:50:03 UTC] PHP Fatal error:  Uncaught Error: Failed opening required 'http://portfolio.local/wp-content/themes/portfolio/assets/html/grid.html' (include_path='.:/usr/share/php:/www/wp-content/pear') in C:\Users\Lesya\Local Sites\portfolio\app\public\wp-content\themes\portfolio\home-page.php:10
Stack trace:
#0 C:\Users\Lesya\Local Sites\portfolio\app\public\wp-includes\template-loader.php(106): include()
#1 C:\Users\Lesya\Local Sites\portfolio\app\public\wp-blog-header.php(19): require_once('C:\\Users\\Lesya\\...')
#2 C:\Users\Lesya\Local Sites\portfolio\app\public\index.php(17): require('C:\\Users\\Lesya\\...')
#3 {main}
  thrown in C:\Users\Lesya\Local Sites\portfolio\app\public\wp-content\themes\portfolio\home-page.php on line 10
[09-May-2025 06:51:49 UTC] PHP Warning:  require(): http:// wrapper is disabled in the server configuration by allow_url_include=0 in C:\Users\Lesya\Local Sites\portfolio\app\public\wp-content\themes\portfolio\home-page.php on line 10
[09-May-2025 06:51:49 UTC] PHP Warning:  require(http://portfolio.local/wp-content/themes/portfolio/assets/html/grid.html): Failed to open stream: no suitable wrapper could be found in C:\Users\Lesya\Local Sites\portfolio\app\public\wp-content\themes\portfolio\home-page.php on line 10
[09-May-2025 06:51:49 UTC] PHP Fatal error:  Uncaught Error: Failed opening required 'http://portfolio.local/wp-content/themes/portfolio/assets/html/grid.html' (include_path='.:/usr/share/php:/www/wp-content/pear') in C:\Users\Lesya\Local Sites\portfolio\app\public\wp-content\themes\portfolio\home-page.php:10
Stack trace:
#0 C:\Users\Lesya\Local Sites\portfolio\app\public\wp-includes\template-loader.php(106): include()
#1 C:\Users\Lesya\Local Sites\portfolio\app\public\wp-blog-header.php(19): require_once('C:\\Users\\Lesya\\...')
#2 C:\Users\Lesya\Local Sites\portfolio\app\public\index.php(17): require('C:\\Users\\Lesya\\...')
#3 {main}
  thrown in C:\Users\Lesya\Local Sites\portfolio\app\public\wp-content\themes\portfolio\home-page.php on line 10
[09-May-2025 06:51:52 UTC] PHP Warning:  require(): http:// wrapper is disabled in the server configuration by allow_url_include=0 in C:\Users\Lesya\Local Sites\portfolio\app\public\wp-content\themes\portfolio\home-page.php on line 10
[09-May-2025 06:51:52 UTC] PHP Warning:  require(http://portfolio.local/wp-content/themes/portfolio/assets/html/grid.html): Failed to open stream: no suitable wrapper could be found in C:\Users\Lesya\Local Sites\portfolio\app\public\wp-content\themes\portfolio\home-page.php on line 10
[09-May-2025 06:51:52 UTC] PHP Fatal error:  Uncaught Error: Failed opening required 'http://portfolio.local/wp-content/themes/portfolio/assets/html/grid.html' (include_path='.:/usr/share/php:/www/wp-content/pear') in C:\Users\Lesya\Local Sites\portfolio\app\public\wp-content\themes\portfolio\home-page.php:10
Stack trace:
#0 C:\Users\Lesya\Local Sites\portfolio\app\public\wp-includes\template-loader.php(106): include()
#1 C:\Users\Lesya\Local Sites\portfolio\app\public\wp-blog-header.php(19): require_once('C:\\Users\\Lesya\\...')
#2 C:\Users\Lesya\Local Sites\portfolio\app\public\index.php(17): require('C:\\Users\\Lesya\\...')
#3 {main}
  thrown in C:\Users\Lesya\Local Sites\portfolio\app\public\wp-content\themes\portfolio\home-page.php on line 10
[09-May-2025 06:52:23 UTC] PHP Warning:  require(): http:// wrapper is disabled in the server configuration by allow_url_include=0 in C:\Users\Lesya\Local Sites\portfolio\app\public\wp-content\themes\portfolio\home-page.php on line 10
[09-May-2025 06:52:23 UTC] PHP Warning:  require(http://portfolio.local/wp-content/themes/portfolio/assets/html/grid.html): Failed to open stream: no suitable wrapper could be found in C:\Users\Lesya\Local Sites\portfolio\app\public\wp-content\themes\portfolio\home-page.php on line 10
[09-May-2025 06:52:23 UTC] PHP Fatal error:  Uncaught Error: Failed opening required 'http://portfolio.local/wp-content/themes/portfolio/assets/html/grid.html' (include_path='.:/usr/share/php:/www/wp-content/pear') in C:\Users\Lesya\Local Sites\portfolio\app\public\wp-content\themes\portfolio\home-page.php:10
Stack trace:
#0 C:\Users\Lesya\Local Sites\portfolio\app\public\wp-includes\template-loader.php(106): include()
#1 C:\Users\Lesya\Local Sites\portfolio\app\public\wp-blog-header.php(19): require_once('C:\\Users\\Lesya\\...')
#2 C:\Users\Lesya\Local Sites\portfolio\app\public\index.php(17): require('C:\\Users\\Lesya\\...')
#3 {main}
  thrown in C:\Users\Lesya\Local Sites\portfolio\app\public\wp-content\themes\portfolio\home-page.php on line 10
[13-May-2025 15:59:22 UTC] PHP Warning:  Trying to access array offset on value of type bool in C:\Users\Lesya\Local Sites\portfolio\app\public\wp-content\themes\goit\home-page.php on line 35
[13-May-2025 15:59:22 UTC] PHP Warning:  Trying to access array offset on value of type bool in C:\Users\Lesya\Local Sites\portfolio\app\public\wp-content\themes\goit\home-page.php on line 36
[13-May-2025 16:00:35 UTC] PHP Warning:  Trying to access array offset on value of type bool in C:\Users\Lesya\Local Sites\portfolio\app\public\wp-content\themes\goit\home-page.php on line 35
[13-May-2025 16:00:35 UTC] PHP Warning:  Trying to access array offset on value of type bool in C:\Users\Lesya\Local Sites\portfolio\app\public\wp-content\themes\goit\home-page.php on line 36
[13-May-2025 16:01:35 UTC] PHP Warning:  Trying to access array offset on value of type bool in C:\Users\Lesya\Local Sites\portfolio\app\public\wp-content\themes\goit\home-page.php on line 35
[13-May-2025 16:01:35 UTC] PHP Warning:  Trying to access array offset on value of type bool in C:\Users\Lesya\Local Sites\portfolio\app\public\wp-content\themes\goit\home-page.php on line 36
[13-May-2025 16:02:09 UTC] PHP Warning:  Trying to access array offset on value of type bool in C:\Users\Lesya\Local Sites\portfolio\app\public\wp-content\themes\goit\home-page.php on line 35
[13-May-2025 16:02:09 UTC] PHP Warning:  Trying to access array offset on value of type bool in C:\Users\Lesya\Local Sites\portfolio\app\public\wp-content\themes\goit\home-page.php on line 36
[15-May-2025 12:28:19 UTC] PHP Warning:  Array to string conversion in C:\Users\Lesya\Local Sites\portfolio\app\public\wp-content\themes\goit\template-parts\home-page-hero.php on line 32
[15-May-2025 12:28:21 UTC] PHP Warning:  Array to string conversion in C:\Users\Lesya\Local Sites\portfolio\app\public\wp-content\themes\goit\template-parts\home-page-hero.php on line 32
[15-May-2025 12:35:08 UTC] PHP Warning:  Array to string conversion in C:\Users\Lesya\Local Sites\portfolio\app\public\wp-content\themes\goit\template-parts\home-page-hero.php on line 40
[15-May-2025 15:59:29 UTC] PHP Warning:  Array to string conversion in C:\Users\Lesya\Local Sites\portfolio\app\public\wp-content\themes\goit\template-parts\home-page-hero.php on line 49
[15-May-2025 15:59:57 UTC] PHP Warning:  Array to string conversion in C:\Users\Lesya\Local Sites\portfolio\app\public\wp-content\themes\goit\template-parts\home-page-hero.php on line 49
[15-May-2025 16:00:18 UTC] PHP Warning:  Array to string conversion in C:\Users\Lesya\Local Sites\portfolio\app\public\wp-content\themes\goit\template-parts\home-page-hero.php on line 49
[15-May-2025 16:00:30 UTC] PHP Warning:  Array to string conversion in C:\Users\Lesya\Local Sites\portfolio\app\public\wp-content\themes\goit\template-parts\home-page-hero.php on line 49
[15-May-2025 16:00:38 UTC] PHP Warning:  Array to string conversion in C:\Users\Lesya\Local Sites\portfolio\app\public\wp-content\themes\goit\template-parts\home-page-hero.php on line 49
[15-May-2025 16:00:52 UTC] PHP Warning:  Array to string conversion in C:\Users\Lesya\Local Sites\portfolio\app\public\wp-content\themes\goit\template-parts\home-page-hero.php on line 49
[15-May-2025 16:01:05 UTC] PHP Warning:  Array to string conversion in C:\Users\Lesya\Local Sites\portfolio\app\public\wp-content\themes\goit\template-parts\home-page-hero.php on line 49
[15-May-2025 16:03:08 UTC] PHP Warning:  Array to string conversion in C:\Users\Lesya\Local Sites\portfolio\app\public\wp-content\themes\goit\template-parts\home-page-hero.php on line 49
[19-May-2025 09:07:41 UTC] PHP Parse error:  syntax error, unexpected single-quoted string "keywords", expecting "]" in C:\Users\Lesya\Local Sites\portfolio\app\public\wp-content\themes\goit\inc\_acf.php on line 15
[19-May-2025 09:07:41 UTC] PHP Warning:  Trying to access array offset on value of type bool in C:\Users\Lesya\Local Sites\portfolio\app\public\wp-includes\class-wp-recovery-mode-email-service.php on line 407
[19-May-2025 09:07:41 UTC] PHP Warning:  Trying to access array offset on value of type bool in C:\Users\Lesya\Local Sites\portfolio\app\public\wp-includes\class-wp-recovery-mode-email-service.php on line 408
[19-May-2025 09:33:02 UTC] PHP Warning:  Trying to access array offset on value of type null in C:\Users\Lesya\Local Sites\portfolio\app\public\wp-content\themes\goit\template-parts\home-page-hero.php on line 14
[19-May-2025 09:33:02 UTC] PHP Warning:  Trying to access array offset on value of type null in C:\Users\Lesya\Local Sites\portfolio\app\public\wp-content\themes\goit\template-parts\home-page-hero.php on line 15
[19-May-2025 09:33:02 UTC] PHP Warning:  Trying to access array offset on value of type null in C:\Users\Lesya\Local Sites\portfolio\app\public\wp-content\themes\goit\template-parts\home-page-hero.php on line 14
[19-May-2025 09:33:02 UTC] PHP Warning:  Trying to access array offset on value of type null in C:\Users\Lesya\Local Sites\portfolio\app\public\wp-content\themes\goit\template-parts\home-page-hero.php on line 15
[19-May-2025 09:40:34 UTC] PHP Warning:  Undefined array key "titlec" in C:\Users\Lesya\Local Sites\portfolio\app\public\wp-content\themes\goit\template-parts\home-page-hero.php on line 59
[19-May-2025 09:40:34 UTC] PHP Warning:  Undefined array key "titlec" in C:\Users\Lesya\Local Sites\portfolio\app\public\wp-content\themes\goit\template-parts\home-page-hero.php on line 59
[19-May-2025 09:40:36 UTC] PHP Warning:  Undefined array key "titlec" in C:\Users\Lesya\Local Sites\portfolio\app\public\wp-content\themes\goit\template-parts\home-page-hero.php on line 59
[19-May-2025 09:40:36 UTC] PHP Warning:  Undefined array key "titlec" in C:\Users\Lesya\Local Sites\portfolio\app\public\wp-content\themes\goit\template-parts\home-page-hero.php on line 59
[21-May-2025 06:04:49 UTC] PHP Warning:  require(C:\Users\Lesya\Local Sites\portfolio\app\public/wp-content/themes/goit/inc/_optimisatin.php): Failed to open stream: No such file or directory in C:\Users\Lesya\Local Sites\portfolio\app\public\wp-content\themes\goit\functions.php on line 12
[21-May-2025 06:04:49 UTC] PHP Fatal error:  Uncaught Error: Failed opening required 'C:\Users\Lesya\Local Sites\portfolio\app\public/wp-content/themes/goit/inc/_optimisatin.php' (include_path='.:/usr/share/php:/www/wp-content/pear') in C:\Users\Lesya\Local Sites\portfolio\app\public\wp-content\themes\goit\functions.php:12
Stack trace:
#0 C:\Users\Lesya\Local Sites\portfolio\app\public\wp-settings.php(809): include()
#1 C:\Users\Lesya\Local Sites\portfolio\app\public\wp-config.php(126): require_once('C:\\Users\\Lesya\\...')
#2 C:\Users\Lesya\Local Sites\portfolio\app\public\wp-load.php(59): require_once('C:\\Users\\Lesya\\...')
#3 C:\Users\Lesya\Local Sites\portfolio\app\public\wp-admin\admin-ajax.php(22): require_once('C:\\Users\\Lesya\\...')
#4 {main}
  thrown in C:\Users\Lesya\Local Sites\portfolio\app\public\wp-content\themes\goit\functions.php on line 12
[21-May-2025 06:04:49 UTC] PHP Warning:  Trying to access array offset on value of type bool in C:\Users\Lesya\Local Sites\portfolio\app\public\wp-includes\class-wp-recovery-mode-email-service.php on line 407
[21-May-2025 06:04:49 UTC] PHP Warning:  Trying to access array offset on value of type bool in C:\Users\Lesya\Local Sites\portfolio\app\public\wp-includes\class-wp-recovery-mode-email-service.php on line 408
[22-May-2025 11:35:03 UTC] PHP Warning:  Attempt to read property "title" on null in C:\Users\Lesya\Local Sites\portfolio\app\public\wp-includes\class-wp-customize-widgets.php on line 1049
[22-May-2025 11:35:29 UTC] PHP Warning:  Attempt to read property "title" on null in C:\Users\Lesya\Local Sites\portfolio\app\public\wp-includes\class-wp-customize-widgets.php on line 1049
[23-May-2025 10:17:15 UTC] PHP Warning:  Attempt to read property "title" on null in C:\Users\Lesya\Local Sites\portfolio\app\public\wp-includes\class-wp-customize-widgets.php on line 1049
[25-May-2025 08:40:57 UTC] Cron reschedule event error for hook: wp_privacy_delete_old_export_files, Error code: could_not_set, Error message: The cron event list could not be saved., Data: {"schedule":"hourly","args":[],"interval":3600}
[25-May-2025 09:02:47 UTC] PHP Warning:  Attempt to read property "title" on null in C:\Users\Lesya\Local Sites\portfolio\app\public\wp-includes\class-wp-customize-widgets.php on line 1049
[26-May-2025 16:48:03 UTC] PHP Warning:  Undefined variable $icon in C:\Users\Lesya\Local Sites\portfolio\app\public\wp-content\themes\goit\template-parts\section-services.php on line 3
[26-May-2025 17:32:37 UTC] PHP Warning:  Undefined variable $icon in C:\Users\Lesya\Local Sites\portfolio\app\public\wp-content\themes\goit\template-parts\section-services.php on line 3
[29-May-2025 13:25:44 UTC] PHP Fatal error:  Uncaught TypeError: ltrim(): Argument #1 ($string) must be of type string, array given in C:\Users\Lesya\Local Sites\portfolio\app\public\wp-includes\formatting.php:4917
Stack trace:
#0 C:\Users\Lesya\Local Sites\portfolio\app\public\wp-includes\formatting.php(4917): ltrim(Array)
#1 C:\Users\Lesya\Local Sites\portfolio\app\public\wp-content\themes\goit\template-parts\selected-works.php(16): esc_url(Array)
#2 C:\Users\Lesya\Local Sites\portfolio\app\public\wp-includes\template.php(851): require('C:\\Users\\Lesya\\...')
#3 C:\Users\Lesya\Local Sites\portfolio\app\public\wp-includes\template.php(773): load_template('C:\\Users\\Lesya\\...', false, Array)
#4 C:\Users\Lesya\Local Sites\portfolio\app\public\wp-includes\general-template.php(210): locate_template(Array, true, false, Array)
#5 C:\Users\Lesya\Local Sites\portfolio\app\public\wp-content\themes\goit\home.php(24): get_template_part('template-parts/...', 'works')
#6 C:\Users\Lesya\Local Sites\portfolio\app\public\wp-includes\template-loader.php(108): include('C:\\Users\\Lesya\\...')
#7 C:\Users\Lesya\Local Sites\portfolio\app\public\wp-blog-header.php(18): require_once('C:\\Users\\Lesya\\...')
#8 C:\Users\Lesya\Local Sites\portfolio\app\public\index.php(17): require('C:\\Users\\Lesya\\...')
#9 {main}
  thrown in C:\Users\Lesya\Local Sites\portfolio\app\public\wp-includes\formatting.php on line 4917
[29-May-2025 13:55:29 UTC] PHP Notice:  Function _load_textdomain_just_in_time was called <strong>incorrectly</strong>. Translation loading for the <code>acf</code> domain was triggered too early. This is usually an indicator for some code in the plugin or theme running too early. Translations should be loaded at the <code>init</code> action or later. Please see <a href="https://developer.wordpress.org/advanced-administration/debug/debug-wordpress/">Debugging in WordPress</a> for more information. (This message was added in version 6.7.0.) in C:\Users\Lesya\Local Sites\portfolio\app\public\wp-includes\functions.php on line 6686
[29-May-2025 13:55:29 UTC] PHP Deprecated:  Creation of dynamic property ACF::$fields is deprecated in C:\Users\Lesya\Local Sites\portfolio\app\public\wp-content\plugins\advanced-custom-fields-pro\includes\fields.php on line 134
[29-May-2025 13:55:29 UTC] PHP Deprecated:  Creation of dynamic property acf_loop::$loops is deprecated in C:\Users\Lesya\Local Sites\portfolio\app\public\wp-content\plugins\advanced-custom-fields-pro\includes\loop.php on line 26
[29-May-2025 13:55:29 UTC] PHP Deprecated:  Creation of dynamic property ACF::$loop is deprecated in C:\Users\Lesya\Local Sites\portfolio\app\public\wp-content\plugins\advanced-custom-fields-pro\includes\loop.php on line 243
[29-May-2025 13:55:29 UTC] PHP Deprecated:  Creation of dynamic property ACF::$revisions is deprecated in C:\Users\Lesya\Local Sites\portfolio\app\public\wp-content\plugins\advanced-custom-fields-pro\includes\revisions.php on line 389
[29-May-2025 13:55:29 UTC] PHP Deprecated:  Creation of dynamic property acf_validation::$errors is deprecated in C:\Users\Lesya\Local Sites\portfolio\app\public\wp-content\plugins\advanced-custom-fields-pro\includes\validation.php on line 26
[29-May-2025 13:55:29 UTC] PHP Deprecated:  Creation of dynamic property ACF::$validation is deprecated in C:\Users\Lesya\Local Sites\portfolio\app\public\wp-content\plugins\advanced-custom-fields-pro\includes\validation.php on line 216
[29-May-2025 13:55:29 UTC] PHP Deprecated:  Creation of dynamic property acf_form_customizer::$preview_values is deprecated in C:\Users\Lesya\Local Sites\portfolio\app\public\wp-content\plugins\advanced-custom-fields-pro\includes\forms\form-customizer.php on line 26
[29-May-2025 13:55:29 UTC] PHP Deprecated:  Creation of dynamic property acf_form_customizer::$preview_fields is deprecated in C:\Users\Lesya\Local Sites\portfolio\app\public\wp-content\plugins\advanced-custom-fields-pro\includes\forms\form-customizer.php on line 27
[29-May-2025 13:55:29 UTC] PHP Deprecated:  Creation of dynamic property acf_form_customizer::$preview_errors is deprecated in C:\Users\Lesya\Local Sites\portfolio\app\public\wp-content\plugins\advanced-custom-fields-pro\includes\forms\form-customizer.php on line 28
[29-May-2025 13:55:29 UTC] PHP Deprecated:  Creation of dynamic property ACF::$form_front is deprecated in C:\Users\Lesya\Local Sites\portfolio\app\public\wp-content\plugins\advanced-custom-fields-pro\includes\forms\form-front.php on line 561
[29-May-2025 13:55:29 UTC] PHP Deprecated:  Creation of dynamic property acf_form_widget::$preview_values is deprecated in C:\Users\Lesya\Local Sites\portfolio\app\public\wp-content\plugins\advanced-custom-fields-pro\includes\forms\form-widget.php on line 32
[29-May-2025 13:55:29 UTC] PHP Deprecated:  Creation of dynamic property acf_form_widget::$preview_reference is deprecated in C:\Users\Lesya\Local Sites\portfolio\app\public\wp-content\plugins\advanced-custom-fields-pro\includes\forms\form-widget.php on line 33
[29-May-2025 13:55:29 UTC] PHP Deprecated:  Creation of dynamic property acf_form_widget::$preview_errors is deprecated in C:\Users\Lesya\Local Sites\portfolio\app\public\wp-content\plugins\advanced-custom-fields-pro\includes\forms\form-widget.php on line 34
[29-May-2025 13:55:29 UTC] PHP Deprecated:  Creation of dynamic property acf_field_oembed::$width is deprecated in C:\Users\Lesya\Local Sites\portfolio\app\public\wp-content\plugins\advanced-custom-fields-pro\includes\fields\class-acf-field-oembed.php on line 41
[29-May-2025 13:55:29 UTC] PHP Deprecated:  Creation of dynamic property acf_field_oembed::$height is deprecated in C:\Users\Lesya\Local Sites\portfolio\app\public\wp-content\plugins\advanced-custom-fields-pro\includes\fields\class-acf-field-oembed.php on line 42
[29-May-2025 13:55:29 UTC] PHP Deprecated:  Creation of dynamic property acf_field_google_map::$default_values is deprecated in C:\Users\Lesya\Local Sites\portfolio\app\public\wp-content\plugins\advanced-custom-fields-pro\includes\fields\class-acf-field-google-map.php on line 43
[29-May-2025 13:55:29 UTC] PHP Deprecated:  Creation of dynamic property acf_field__group::$have_rows is deprecated in C:\Users\Lesya\Local Sites\portfolio\app\public\wp-content\plugins\advanced-custom-fields-pro\includes\fields\class-acf-field-group.php on line 41
[29-May-2025 13:55:29 UTC] PHP Deprecated:  Creation of dynamic property acf_field_clone::$cloning is deprecated in C:\Users\Lesya\Local Sites\portfolio\app\public\wp-content\plugins\advanced-custom-fields-pro\pro\fields\class-acf-field-clone.php on line 50
[29-May-2025 13:55:29 UTC] PHP Deprecated:  Creation of dynamic property acf_field_clone::$have_rows is deprecated in C:\Users\Lesya\Local Sites\portfolio\app\public\wp-content\plugins\advanced-custom-fields-pro\pro\fields\class-acf-field-clone.php on line 51
[29-May-2025 13:55:29 UTC] PHP Fatal error:  Uncaught TypeError: ltrim(): Argument #1 ($string) must be of type string, array given in C:\Users\Lesya\Local Sites\portfolio\app\public\wp-includes\formatting.php:4917
Stack trace:
#0 C:\Users\Lesya\Local Sites\portfolio\app\public\wp-includes\formatting.php(4917): ltrim(Array)
#1 C:\Users\Lesya\Local Sites\portfolio\app\public\wp-content\themes\goit\template-parts\selected-works.php(16): esc_url(Array)
#2 C:\Users\Lesya\Local Sites\portfolio\app\public\wp-includes\template.php(851): require('C:\\Users\\Lesya\\...')
#3 C:\Users\Lesya\Local Sites\portfolio\app\public\wp-includes\template.php(773): load_template('C:\\Users\\Lesya\\...', false, Array)
#4 C:\Users\Lesya\Local Sites\portfolio\app\public\wp-includes\general-template.php(210): locate_template(Array, true, false, Array)
#5 C:\Users\Lesya\Local Sites\portfolio\app\public\wp-content\themes\goit\home.php(24): get_template_part('template-parts/...', 'works')
#6 C:\Users\Lesya\Local Sites\portfolio\app\public\wp-includes\template-loader.php(108): include('C:\\Users\\Lesya\\...')
#7 C:\Users\Lesya\Local Sites\portfolio\app\public\wp-blog-header.php(18): require_once('C:\\Users\\Lesya\\...')
#8 C:\Users\Lesya\Local Sites\portfolio\app\public\index.php(17): require('C:\\Users\\Lesya\\...')
#9 {main}
  thrown in C:\Users\Lesya\Local Sites\portfolio\app\public\wp-includes\formatting.php on line 4917
[29-May-2025 13:55:33 UTC] PHP Notice:  Function _load_textdomain_just_in_time was called <strong>incorrectly</strong>. Translation loading for the <code>acf</code> domain was triggered too early. This is usually an indicator for some code in the plugin or theme running too early. Translations should be loaded at the <code>init</code> action or later. Please see <a href="https://developer.wordpress.org/advanced-administration/debug/debug-wordpress/">Debugging in WordPress</a> for more information. (This message was added in version 6.7.0.) in C:\Users\Lesya\Local Sites\portfolio\app\public\wp-includes\functions.php on line 6686
[29-May-2025 13:55:33 UTC] PHP Deprecated:  Creation of dynamic property ACF::$fields is deprecated in C:\Users\Lesya\Local Sites\portfolio\app\public\wp-content\plugins\advanced-custom-fields-pro\includes\fields.php on line 134
[29-May-2025 13:55:33 UTC] PHP Deprecated:  Creation of dynamic property acf_loop::$loops is deprecated in C:\Users\Lesya\Local Sites\portfolio\app\public\wp-content\plugins\advanced-custom-fields-pro\includes\loop.php on line 26
[29-May-2025 13:55:33 UTC] PHP Deprecated:  Creation of dynamic property ACF::$loop is deprecated in C:\Users\Lesya\Local Sites\portfolio\app\public\wp-content\plugins\advanced-custom-fields-pro\includes\loop.php on line 243
[29-May-2025 13:55:33 UTC] PHP Deprecated:  Creation of dynamic property ACF::$revisions is deprecated in C:\Users\Lesya\Local Sites\portfolio\app\public\wp-content\plugins\advanced-custom-fields-pro\includes\revisions.php on line 389
[29-May-2025 13:55:33 UTC] PHP Deprecated:  Creation of dynamic property acf_validation::$errors is deprecated in C:\Users\Lesya\Local Sites\portfolio\app\public\wp-content\plugins\advanced-custom-fields-pro\includes\validation.php on line 26
[29-May-2025 13:55:33 UTC] PHP Deprecated:  Creation of dynamic property ACF::$validation is deprecated in C:\Users\Lesya\Local Sites\portfolio\app\public\wp-content\plugins\advanced-custom-fields-pro\includes\validation.php on line 216
[29-May-2025 13:55:33 UTC] PHP Deprecated:  Creation of dynamic property acf_form_customizer::$preview_values is deprecated in C:\Users\Lesya\Local Sites\portfolio\app\public\wp-content\plugins\advanced-custom-fields-pro\includes\forms\form-customizer.php on line 26
[29-May-2025 13:55:33 UTC] PHP Deprecated:  Creation of dynamic property acf_form_customizer::$preview_fields is deprecated in C:\Users\Lesya\Local Sites\portfolio\app\public\wp-content\plugins\advanced-custom-fields-pro\includes\forms\form-customizer.php on line 27
[29-May-2025 13:55:33 UTC] PHP Deprecated:  Creation of dynamic property acf_form_customizer::$preview_errors is deprecated in C:\Users\Lesya\Local Sites\portfolio\app\public\wp-content\plugins\advanced-custom-fields-pro\includes\forms\form-customizer.php on line 28
[29-May-2025 13:55:33 UTC] PHP Deprecated:  Creation of dynamic property ACF::$form_front is deprecated in C:\Users\Lesya\Local Sites\portfolio\app\public\wp-content\plugins\advanced-custom-fields-pro\includes\forms\form-front.php on line 561
[29-May-2025 13:55:33 UTC] PHP Deprecated:  Creation of dynamic property acf_form_widget::$preview_values is deprecated in C:\Users\Lesya\Local Sites\portfolio\app\public\wp-content\plugins\advanced-custom-fields-pro\includes\forms\form-widget.php on line 32
[29-May-2025 13:55:33 UTC] PHP Deprecated:  Creation of dynamic property acf_form_widget::$preview_reference is deprecated in C:\Users\Lesya\Local Sites\portfolio\app\public\wp-content\plugins\advanced-custom-fields-pro\includes\forms\form-widget.php on line 33
[29-May-2025 13:55:33 UTC] PHP Deprecated:  Creation of dynamic property acf_form_widget::$preview_errors is deprecated in C:\Users\Lesya\Local Sites\portfolio\app\public\wp-content\plugins\advanced-custom-fields-pro\includes\forms\form-widget.php on line 34
[29-May-2025 13:55:33 UTC] PHP Deprecated:  Creation of dynamic property acf_field_oembed::$width is deprecated in C:\Users\Lesya\Local Sites\portfolio\app\public\wp-content\plugins\advanced-custom-fields-pro\includes\fields\class-acf-field-oembed.php on line 41
[29-May-2025 13:55:33 UTC] PHP Deprecated:  Creation of dynamic property acf_field_oembed::$height is deprecated in C:\Users\Lesya\Local Sites\portfolio\app\public\wp-content\plugins\advanced-custom-fields-pro\includes\fields\class-acf-field-oembed.php on line 42
[29-May-2025 13:55:33 UTC] PHP Deprecated:  Creation of dynamic property acf_field_google_map::$default_values is deprecated in C:\Users\Lesya\Local Sites\portfolio\app\public\wp-content\plugins\advanced-custom-fields-pro\includes\fields\class-acf-field-google-map.php on line 43
[29-May-2025 13:55:33 UTC] PHP Deprecated:  Creation of dynamic property acf_field__group::$have_rows is deprecated in C:\Users\Lesya\Local Sites\portfolio\app\public\wp-content\plugins\advanced-custom-fields-pro\includes\fields\class-acf-field-group.php on line 41
[29-May-2025 13:55:33 UTC] PHP Deprecated:  Creation of dynamic property acf_field_clone::$cloning is deprecated in C:\Users\Lesya\Local Sites\portfolio\app\public\wp-content\plugins\advanced-custom-fields-pro\pro\fields\class-acf-field-clone.php on line 50
[29-May-2025 13:55:33 UTC] PHP Deprecated:  Creation of dynamic property acf_field_clone::$have_rows is deprecated in C:\Users\Lesya\Local Sites\portfolio\app\public\wp-content\plugins\advanced-custom-fields-pro\pro\fields\class-acf-field-clone.php on line 51
[29-May-2025 13:55:35 UTC] PHP Notice:  Function _load_textdomain_just_in_time was called <strong>incorrectly</strong>. Translation loading for the <code>acf</code> domain was triggered too early. This is usually an indicator for some code in the plugin or theme running too early. Translations should be loaded at the <code>init</code> action or later. Please see <a href="https://developer.wordpress.org/advanced-administration/debug/debug-wordpress/">Debugging in WordPress</a> for more information. (This message was added in version 6.7.0.) in C:\Users\Lesya\Local Sites\portfolio\app\public\wp-includes\functions.php on line 6686
[29-May-2025 13:55:35 UTC] PHP Deprecated:  Creation of dynamic property ACF::$fields is deprecated in C:\Users\Lesya\Local Sites\portfolio\app\public\wp-content\plugins\advanced-custom-fields-pro\includes\fields.php on line 134
[29-May-2025 13:55:35 UTC] PHP Deprecated:  Creation of dynamic property acf_loop::$loops is deprecated in C:\Users\Lesya\Local Sites\portfolio\app\public\wp-content\plugins\advanced-custom-fields-pro\includes\loop.php on line 26
[29-May-2025 13:55:35 UTC] PHP Deprecated:  Creation of dynamic property ACF::$loop is deprecated in C:\Users\Lesya\Local Sites\portfolio\app\public\wp-content\plugins\advanced-custom-fields-pro\includes\loop.php on line 243
[29-May-2025 13:55:35 UTC] PHP Deprecated:  Creation of dynamic property ACF::$revisions is deprecated in C:\Users\Lesya\Local Sites\portfolio\app\public\wp-content\plugins\advanced-custom-fields-pro\includes\revisions.php on line 389
[29-May-2025 13:55:35 UTC] PHP Deprecated:  Creation of dynamic property acf_validation::$errors is deprecated in C:\Users\Lesya\Local Sites\portfolio\app\public\wp-content\plugins\advanced-custom-fields-pro\includes\validation.php on line 26
[29-May-2025 13:55:35 UTC] PHP Deprecated:  Creation of dynamic property ACF::$validation is deprecated in C:\Users\Lesya\Local Sites\portfolio\app\public\wp-content\plugins\advanced-custom-fields-pro\includes\validation.php on line 216
[29-May-2025 13:55:35 UTC] PHP Deprecated:  Creation of dynamic property acf_form_customizer::$preview_values is deprecated in C:\Users\Lesya\Local Sites\portfolio\app\public\wp-content\plugins\advanced-custom-fields-pro\includes\forms\form-customizer.php on line 26
[29-May-2025 13:55:35 UTC] PHP Deprecated:  Creation of dynamic property acf_form_customizer::$preview_fields is deprecated in C:\Users\Lesya\Local Sites\portfolio\app\public\wp-content\plugins\advanced-custom-fields-pro\includes\forms\form-customizer.php on line 27
[29-May-2025 13:55:35 UTC] PHP Deprecated:  Creation of dynamic property acf_form_customizer::$preview_errors is deprecated in C:\Users\Lesya\Local Sites\portfolio\app\public\wp-content\plugins\advanced-custom-fields-pro\includes\forms\form-customizer.php on line 28
[29-May-2025 13:55:35 UTC] PHP Deprecated:  Creation of dynamic property ACF::$form_front is deprecated in C:\Users\Lesya\Local Sites\portfolio\app\public\wp-content\plugins\advanced-custom-fields-pro\includes\forms\form-front.php on line 561
[29-May-2025 13:55:35 UTC] PHP Deprecated:  Creation of dynamic property acf_form_widget::$preview_values is deprecated in C:\Users\Lesya\Local Sites\portfolio\app\public\wp-content\plugins\advanced-custom-fields-pro\includes\forms\form-widget.php on line 32
[29-May-2025 13:55:35 UTC] PHP Deprecated:  Creation of dynamic property acf_form_widget::$preview_reference is deprecated in C:\Users\Lesya\Local Sites\portfolio\app\public\wp-content\plugins\advanced-custom-fields-pro\includes\forms\form-widget.php on line 33
[29-May-2025 13:55:35 UTC] PHP Deprecated:  Creation of dynamic property acf_form_widget::$preview_errors is deprecated in C:\Users\Lesya\Local Sites\portfolio\app\public\wp-content\plugins\advanced-custom-fields-pro\includes\forms\form-widget.php on line 34
[29-May-2025 13:55:35 UTC] PHP Deprecated:  Creation of dynamic property acf_field_oembed::$width is deprecated in C:\Users\Lesya\Local Sites\portfolio\app\public\wp-content\plugins\advanced-custom-fields-pro\includes\fields\class-acf-field-oembed.php on line 41
[29-May-2025 13:55:35 UTC] PHP Deprecated:  Creation of dynamic property acf_field_oembed::$height is deprecated in C:\Users\Lesya\Local Sites\portfolio\app\public\wp-content\plugins\advanced-custom-fields-pro\includes\fields\class-acf-field-oembed.php on line 42
[29-May-2025 13:55:35 UTC] PHP Deprecated:  Creation of dynamic property acf_field_google_map::$default_values is deprecated in C:\Users\Lesya\Local Sites\portfolio\app\public\wp-content\plugins\advanced-custom-fields-pro\includes\fields\class-acf-field-google-map.php on line 43
[29-May-2025 13:55:35 UTC] PHP Deprecated:  Creation of dynamic property acf_field__group::$have_rows is deprecated in C:\Users\Lesya\Local Sites\portfolio\app\public\wp-content\plugins\advanced-custom-fields-pro\includes\fields\class-acf-field-group.php on line 41
[29-May-2025 13:55:35 UTC] PHP Deprecated:  Creation of dynamic property acf_field_clone::$cloning is deprecated in C:\Users\Lesya\Local Sites\portfolio\app\public\wp-content\plugins\advanced-custom-fields-pro\pro\fields\class-acf-field-clone.php on line 50
[29-May-2025 13:55:35 UTC] PHP Deprecated:  Creation of dynamic property acf_field_clone::$have_rows is deprecated in C:\Users\Lesya\Local Sites\portfolio\app\public\wp-content\plugins\advanced-custom-fields-pro\pro\fields\class-acf-field-clone.php on line 51
[29-May-2025 13:56:15 UTC] PHP Notice:  Function _load_textdomain_just_in_time was called <strong>incorrectly</strong>. Translation loading for the <code>acf</code> domain was triggered too early. This is usually an indicator for some code in the plugin or theme running too early. Translations should be loaded at the <code>init</code> action or later. Please see <a href="https://developer.wordpress.org/advanced-administration/debug/debug-wordpress/">Debugging in WordPress</a> for more information. (This message was added in version 6.7.0.) in C:\Users\Lesya\Local Sites\portfolio\app\public\wp-includes\functions.php on line 6686
[29-May-2025 13:56:15 UTC] PHP Deprecated:  Creation of dynamic property ACF::$fields is deprecated in C:\Users\Lesya\Local Sites\portfolio\app\public\wp-content\plugins\advanced-custom-fields-pro\includes\fields.php on line 134
[29-May-2025 13:56:15 UTC] PHP Deprecated:  Creation of dynamic property acf_loop::$loops is deprecated in C:\Users\Lesya\Local Sites\portfolio\app\public\wp-content\plugins\advanced-custom-fields-pro\includes\loop.php on line 26
[29-May-2025 13:56:15 UTC] PHP Deprecated:  Creation of dynamic property ACF::$loop is deprecated in C:\Users\Lesya\Local Sites\portfolio\app\public\wp-content\plugins\advanced-custom-fields-pro\includes\loop.php on line 243
[29-May-2025 13:56:15 UTC] PHP Deprecated:  Creation of dynamic property ACF::$revisions is deprecated in C:\Users\Lesya\Local Sites\portfolio\app\public\wp-content\plugins\advanced-custom-fields-pro\includes\revisions.php on line 389
[29-May-2025 13:56:15 UTC] PHP Deprecated:  Creation of dynamic property acf_validation::$errors is deprecated in C:\Users\Lesya\Local Sites\portfolio\app\public\wp-content\plugins\advanced-custom-fields-pro\includes\validation.php on line 26
[29-May-2025 13:56:15 UTC] PHP Deprecated:  Creation of dynamic property ACF::$validation is deprecated in C:\Users\Lesya\Local Sites\portfolio\app\public\wp-content\plugins\advanced-custom-fields-pro\includes\validation.php on line 216
[29-May-2025 13:56:15 UTC] PHP Deprecated:  Creation of dynamic property acf_form_customizer::$preview_values is deprecated in C:\Users\Lesya\Local Sites\portfolio\app\public\wp-content\plugins\advanced-custom-fields-pro\includes\forms\form-customizer.php on line 26
[29-May-2025 13:56:15 UTC] PHP Deprecated:  Creation of dynamic property acf_form_customizer::$preview_fields is deprecated in C:\Users\Lesya\Local Sites\portfolio\app\public\wp-content\plugins\advanced-custom-fields-pro\includes\forms\form-customizer.php on line 27
[29-May-2025 13:56:15 UTC] PHP Deprecated:  Creation of dynamic property acf_form_customizer::$preview_errors is deprecated in C:\Users\Lesya\Local Sites\portfolio\app\public\wp-content\plugins\advanced-custom-fields-pro\includes\forms\form-customizer.php on line 28
[29-May-2025 13:56:15 UTC] PHP Deprecated:  Creation of dynamic property ACF::$form_front is deprecated in C:\Users\Lesya\Local Sites\portfolio\app\public\wp-content\plugins\advanced-custom-fields-pro\includes\forms\form-front.php on line 561
[29-May-2025 13:56:15 UTC] PHP Deprecated:  Creation of dynamic property acf_form_widget::$preview_values is deprecated in C:\Users\Lesya\Local Sites\portfolio\app\public\wp-content\plugins\advanced-custom-fields-pro\includes\forms\form-widget.php on line 32
[29-May-2025 13:56:15 UTC] PHP Deprecated:  Creation of dynamic property acf_form_widget::$preview_reference is deprecated in C:\Users\Lesya\Local Sites\portfolio\app\public\wp-content\plugins\advanced-custom-fields-pro\includes\forms\form-widget.php on line 33
[29-May-2025 13:56:15 UTC] PHP Deprecated:  Creation of dynamic property acf_form_widget::$preview_errors is deprecated in C:\Users\Lesya\Local Sites\portfolio\app\public\wp-content\plugins\advanced-custom-fields-pro\includes\forms\form-widget.php on line 34
[29-May-2025 13:56:15 UTC] PHP Deprecated:  Creation of dynamic property acf_field_oembed::$width is deprecated in C:\Users\Lesya\Local Sites\portfolio\app\public\wp-content\plugins\advanced-custom-fields-pro\includes\fields\class-acf-field-oembed.php on line 41
[29-May-2025 13:56:15 UTC] PHP Deprecated:  Creation of dynamic property acf_field_oembed::$height is deprecated in C:\Users\Lesya\Local Sites\portfolio\app\public\wp-content\plugins\advanced-custom-fields-pro\includes\fields\class-acf-field-oembed.php on line 42
[29-May-2025 13:56:15 UTC] PHP Deprecated:  Creation of dynamic property acf_field_google_map::$default_values is deprecated in C:\Users\Lesya\Local Sites\portfolio\app\public\wp-content\plugins\advanced-custom-fields-pro\includes\fields\class-acf-field-google-map.php on line 43
[29-May-2025 13:56:15 UTC] PHP Deprecated:  Creation of dynamic property acf_field__group::$have_rows is deprecated in C:\Users\Lesya\Local Sites\portfolio\app\public\wp-content\plugins\advanced-custom-fields-pro\includes\fields\class-acf-field-group.php on line 41
[29-May-2025 13:56:15 UTC] PHP Deprecated:  Creation of dynamic property acf_field_clone::$cloning is deprecated in C:\Users\Lesya\Local Sites\portfolio\app\public\wp-content\plugins\advanced-custom-fields-pro\pro\fields\class-acf-field-clone.php on line 50
[29-May-2025 13:56:15 UTC] PHP Deprecated:  Creation of dynamic property acf_field_clone::$have_rows is deprecated in C:\Users\Lesya\Local Sites\portfolio\app\public\wp-content\plugins\advanced-custom-fields-pro\pro\fields\class-acf-field-clone.php on line 51
[29-May-2025 13:56:15 UTC] PHP Fatal error:  Uncaught TypeError: ltrim(): Argument #1 ($string) must be of type string, array given in C:\Users\Lesya\Local Sites\portfolio\app\public\wp-includes\formatting.php:4917
Stack trace:
#0 C:\Users\Lesya\Local Sites\portfolio\app\public\wp-includes\formatting.php(4917): ltrim(Array)
#1 C:\Users\Lesya\Local Sites\portfolio\app\public\wp-content\themes\goit\template-parts\selected-works.php(16): esc_url(Array)
#2 C:\Users\Lesya\Local Sites\portfolio\app\public\wp-includes\template.php(851): require('C:\\Users\\Lesya\\...')
#3 C:\Users\Lesya\Local Sites\portfolio\app\public\wp-includes\template.php(773): load_template('C:\\Users\\Lesya\\...', false, Array)
#4 C:\Users\Lesya\Local Sites\portfolio\app\public\wp-includes\general-template.php(210): locate_template(Array, true, false, Array)
#5 C:\Users\Lesya\Local Sites\portfolio\app\public\wp-content\themes\goit\home.php(24): get_template_part('template-parts/...', 'works')
#6 C:\Users\Lesya\Local Sites\portfolio\app\public\wp-includes\template-loader.php(108): include('C:\\Users\\Lesya\\...')
#7 C:\Users\Lesya\Local Sites\portfolio\app\public\wp-blog-header.php(18): require_once('C:\\Users\\Lesya\\...')
#8 C:\Users\Lesya\Local Sites\portfolio\app\public\index.php(17): require('C:\\Users\\Lesya\\...')
#9 {main}
  thrown in C:\Users\Lesya\Local Sites\portfolio\app\public\wp-includes\formatting.php on line 4917
[29-May-2025 13:56:18 UTC] PHP Notice:  Function _load_textdomain_just_in_time was called <strong>incorrectly</strong>. Translation loading for the <code>acf</code> domain was triggered too early. This is usually an indicator for some code in the plugin or theme running too early. Translations should be loaded at the <code>init</code> action or later. Please see <a href="https://developer.wordpress.org/advanced-administration/debug/debug-wordpress/">Debugging in WordPress</a> for more information. (This message was added in version 6.7.0.) in C:\Users\Lesya\Local Sites\portfolio\app\public\wp-includes\functions.php on line 6686
[29-May-2025 13:56:18 UTC] PHP Deprecated:  Creation of dynamic property ACF::$fields is deprecated in C:\Users\Lesya\Local Sites\portfolio\app\public\wp-content\plugins\advanced-custom-fields-pro\includes\fields.php on line 134
[29-May-2025 13:56:18 UTC] PHP Deprecated:  Creation of dynamic property acf_loop::$loops is deprecated in C:\Users\Lesya\Local Sites\portfolio\app\public\wp-content\plugins\advanced-custom-fields-pro\includes\loop.php on line 26
[29-May-2025 13:56:18 UTC] PHP Deprecated:  Creation of dynamic property ACF::$loop is deprecated in C:\Users\Lesya\Local Sites\portfolio\app\public\wp-content\plugins\advanced-custom-fields-pro\includes\loop.php on line 243
[29-May-2025 13:56:18 UTC] PHP Deprecated:  Creation of dynamic property ACF::$revisions is deprecated in C:\Users\Lesya\Local Sites\portfolio\app\public\wp-content\plugins\advanced-custom-fields-pro\includes\revisions.php on line 389
[29-May-2025 13:56:18 UTC] PHP Deprecated:  Creation of dynamic property acf_validation::$errors is deprecated in C:\Users\Lesya\Local Sites\portfolio\app\public\wp-content\plugins\advanced-custom-fields-pro\includes\validation.php on line 26
[29-May-2025 13:56:18 UTC] PHP Deprecated:  Creation of dynamic property ACF::$validation is deprecated in C:\Users\Lesya\Local Sites\portfolio\app\public\wp-content\plugins\advanced-custom-fields-pro\includes\validation.php on line 216
[29-May-2025 13:56:18 UTC] PHP Deprecated:  Creation of dynamic property acf_form_customizer::$preview_values is deprecated in C:\Users\Lesya\Local Sites\portfolio\app\public\wp-content\plugins\advanced-custom-fields-pro\includes\forms\form-customizer.php on line 26
[29-May-2025 13:56:18 UTC] PHP Deprecated:  Creation of dynamic property acf_form_customizer::$preview_fields is deprecated in C:\Users\Lesya\Local Sites\portfolio\app\public\wp-content\plugins\advanced-custom-fields-pro\includes\forms\form-customizer.php on line 27
[29-May-2025 13:56:18 UTC] PHP Deprecated:  Creation of dynamic property acf_form_customizer::$preview_errors is deprecated in C:\Users\Lesya\Local Sites\portfolio\app\public\wp-content\plugins\advanced-custom-fields-pro\includes\forms\form-customizer.php on line 28
[29-May-2025 13:56:18 UTC] PHP Deprecated:  Creation of dynamic property ACF::$form_front is deprecated in C:\Users\Lesya\Local Sites\portfolio\app\public\wp-content\plugins\advanced-custom-fields-pro\includes\forms\form-front.php on line 561
[29-May-2025 13:56:18 UTC] PHP Deprecated:  Creation of dynamic property acf_form_widget::$preview_values is deprecated in C:\Users\Lesya\Local Sites\portfolio\app\public\wp-content\plugins\advanced-custom-fields-pro\includes\forms\form-widget.php on line 32
[29-May-2025 13:56:18 UTC] PHP Deprecated:  Creation of dynamic property acf_form_widget::$preview_reference is deprecated in C:\Users\Lesya\Local Sites\portfolio\app\public\wp-content\plugins\advanced-custom-fields-pro\includes\forms\form-widget.php on line 33
[29-May-2025 13:56:18 UTC] PHP Deprecated:  Creation of dynamic property acf_form_widget::$preview_errors is deprecated in C:\Users\Lesya\Local Sites\portfolio\app\public\wp-content\plugins\advanced-custom-fields-pro\includes\forms\form-widget.php on line 34
[29-May-2025 13:56:18 UTC] PHP Deprecated:  Creation of dynamic property acf_field_oembed::$width is deprecated in C:\Users\Lesya\Local Sites\portfolio\app\public\wp-content\plugins\advanced-custom-fields-pro\includes\fields\class-acf-field-oembed.php on line 41
[29-May-2025 13:56:18 UTC] PHP Deprecated:  Creation of dynamic property acf_field_oembed::$height is deprecated in C:\Users\Lesya\Local Sites\portfolio\app\public\wp-content\plugins\advanced-custom-fields-pro\includes\fields\class-acf-field-oembed.php on line 42
[29-May-2025 13:56:18 UTC] PHP Deprecated:  Creation of dynamic property acf_field_google_map::$default_values is deprecated in C:\Users\Lesya\Local Sites\portfolio\app\public\wp-content\plugins\advanced-custom-fields-pro\includes\fields\class-acf-field-google-map.php on line 43
[29-May-2025 13:56:18 UTC] PHP Deprecated:  Creation of dynamic property acf_field__group::$have_rows is deprecated in C:\Users\Lesya\Local Sites\portfolio\app\public\wp-content\plugins\advanced-custom-fields-pro\includes\fields\class-acf-field-group.php on line 41
[29-May-2025 13:56:18 UTC] PHP Deprecated:  Creation of dynamic property acf_field_clone::$cloning is deprecated in C:\Users\Lesya\Local Sites\portfolio\app\public\wp-content\plugins\advanced-custom-fields-pro\pro\fields\class-acf-field-clone.php on line 50
[29-May-2025 13:56:18 UTC] PHP Deprecated:  Creation of dynamic property acf_field_clone::$have_rows is deprecated in C:\Users\Lesya\Local Sites\portfolio\app\public\wp-content\plugins\advanced-custom-fields-pro\pro\fields\class-acf-field-clone.php on line 51
[29-May-2025 13:56:20 UTC] PHP Notice:  Function _load_textdomain_just_in_time was called <strong>incorrectly</strong>. Translation loading for the <code>acf</code> domain was triggered too early. This is usually an indicator for some code in the plugin or theme running too early. Translations should be loaded at the <code>init</code> action or later. Please see <a href="https://developer.wordpress.org/advanced-administration/debug/debug-wordpress/">Debugging in WordPress</a> for more information. (This message was added in version 6.7.0.) in C:\Users\Lesya\Local Sites\portfolio\app\public\wp-includes\functions.php on line 6686
[29-May-2025 13:56:20 UTC] PHP Deprecated:  Creation of dynamic property ACF::$fields is deprecated in C:\Users\Lesya\Local Sites\portfolio\app\public\wp-content\plugins\advanced-custom-fields-pro\includes\fields.php on line 134
[29-May-2025 13:56:21 UTC] PHP Deprecated:  Creation of dynamic property acf_loop::$loops is deprecated in C:\Users\Lesya\Local Sites\portfolio\app\public\wp-content\plugins\advanced-custom-fields-pro\includes\loop.php on line 26
[29-May-2025 13:56:21 UTC] PHP Deprecated:  Creation of dynamic property ACF::$loop is deprecated in C:\Users\Lesya\Local Sites\portfolio\app\public\wp-content\plugins\advanced-custom-fields-pro\includes\loop.php on line 243
[29-May-2025 13:56:21 UTC] PHP Deprecated:  Creation of dynamic property ACF::$revisions is deprecated in C:\Users\Lesya\Local Sites\portfolio\app\public\wp-content\plugins\advanced-custom-fields-pro\includes\revisions.php on line 389
[29-May-2025 13:56:21 UTC] PHP Deprecated:  Creation of dynamic property acf_validation::$errors is deprecated in C:\Users\Lesya\Local Sites\portfolio\app\public\wp-content\plugins\advanced-custom-fields-pro\includes\validation.php on line 26
[29-May-2025 13:56:21 UTC] PHP Deprecated:  Creation of dynamic property ACF::$validation is deprecated in C:\Users\Lesya\Local Sites\portfolio\app\public\wp-content\plugins\advanced-custom-fields-pro\includes\validation.php on line 216
[29-May-2025 13:56:21 UTC] PHP Deprecated:  Creation of dynamic property acf_form_customizer::$preview_values is deprecated in C:\Users\Lesya\Local Sites\portfolio\app\public\wp-content\plugins\advanced-custom-fields-pro\includes\forms\form-customizer.php on line 26
[29-May-2025 13:56:21 UTC] PHP Deprecated:  Creation of dynamic property acf_form_customizer::$preview_fields is deprecated in C:\Users\Lesya\Local Sites\portfolio\app\public\wp-content\plugins\advanced-custom-fields-pro\includes\forms\form-customizer.php on line 27
[29-May-2025 13:56:21 UTC] PHP Deprecated:  Creation of dynamic property acf_form_customizer::$preview_errors is deprecated in C:\Users\Lesya\Local Sites\portfolio\app\public\wp-content\plugins\advanced-custom-fields-pro\includes\forms\form-customizer.php on line 28
[29-May-2025 13:56:21 UTC] PHP Deprecated:  Creation of dynamic property ACF::$form_front is deprecated in C:\Users\Lesya\Local Sites\portfolio\app\public\wp-content\plugins\advanced-custom-fields-pro\includes\forms\form-front.php on line 561
[29-May-2025 13:56:21 UTC] PHP Deprecated:  Creation of dynamic property acf_form_widget::$preview_values is deprecated in C:\Users\Lesya\Local Sites\portfolio\app\public\wp-content\plugins\advanced-custom-fields-pro\includes\forms\form-widget.php on line 32
[29-May-2025 13:56:21 UTC] PHP Deprecated:  Creation of dynamic property acf_form_widget::$preview_reference is deprecated in C:\Users\Lesya\Local Sites\portfolio\app\public\wp-content\plugins\advanced-custom-fields-pro\includes\forms\form-widget.php on line 33
[29-May-2025 13:56:21 UTC] PHP Deprecated:  Creation of dynamic property acf_form_widget::$preview_errors is deprecated in C:\Users\Lesya\Local Sites\portfolio\app\public\wp-content\plugins\advanced-custom-fields-pro\includes\forms\form-widget.php on line 34
[29-May-2025 13:56:21 UTC] PHP Deprecated:  Creation of dynamic property acf_field_oembed::$width is deprecated in C:\Users\Lesya\Local Sites\portfolio\app\public\wp-content\plugins\advanced-custom-fields-pro\includes\fields\class-acf-field-oembed.php on line 41
[29-May-2025 13:56:21 UTC] PHP Deprecated:  Creation of dynamic property acf_field_oembed::$height is deprecated in C:\Users\Lesya\Local Sites\portfolio\app\public\wp-content\plugins\advanced-custom-fields-pro\includes\fields\class-acf-field-oembed.php on line 42
[29-May-2025 13:56:21 UTC] PHP Deprecated:  Creation of dynamic property acf_field_google_map::$default_values is deprecated in C:\Users\Lesya\Local Sites\portfolio\app\public\wp-content\plugins\advanced-custom-fields-pro\includes\fields\class-acf-field-google-map.php on line 43
[29-May-2025 13:56:21 UTC] PHP Deprecated:  Creation of dynamic property acf_field__group::$have_rows is deprecated in C:\Users\Lesya\Local Sites\portfolio\app\public\wp-content\plugins\advanced-custom-fields-pro\includes\fields\class-acf-field-group.php on line 41
[29-May-2025 13:56:21 UTC] PHP Deprecated:  Creation of dynamic property acf_field_clone::$cloning is deprecated in C:\Users\Lesya\Local Sites\portfolio\app\public\wp-content\plugins\advanced-custom-fields-pro\pro\fields\class-acf-field-clone.php on line 50
[29-May-2025 13:56:21 UTC] PHP Deprecated:  Creation of dynamic property acf_field_clone::$have_rows is deprecated in C:\Users\Lesya\Local Sites\portfolio\app\public\wp-content\plugins\advanced-custom-fields-pro\pro\fields\class-acf-field-clone.php on line 51
[29-May-2025 13:57:21 UTC] PHP Notice:  Function _load_textdomain_just_in_time was called <strong>incorrectly</strong>. Translation loading for the <code>acf</code> domain was triggered too early. This is usually an indicator for some code in the plugin or theme running too early. Translations should be loaded at the <code>init</code> action or later. Please see <a href="https://developer.wordpress.org/advanced-administration/debug/debug-wordpress/">Debugging in WordPress</a> for more information. (This message was added in version 6.7.0.) in C:\Users\Lesya\Local Sites\portfolio\app\public\wp-includes\functions.php on line 6686
[29-May-2025 13:57:21 UTC] PHP Deprecated:  Creation of dynamic property ACF::$fields is deprecated in C:\Users\Lesya\Local Sites\portfolio\app\public\wp-content\plugins\advanced-custom-fields-pro\includes\fields.php on line 134
[29-May-2025 13:57:21 UTC] PHP Deprecated:  Creation of dynamic property acf_loop::$loops is deprecated in C:\Users\Lesya\Local Sites\portfolio\app\public\wp-content\plugins\advanced-custom-fields-pro\includes\loop.php on line 26
[29-May-2025 13:57:21 UTC] PHP Deprecated:  Creation of dynamic property ACF::$loop is deprecated in C:\Users\Lesya\Local Sites\portfolio\app\public\wp-content\plugins\advanced-custom-fields-pro\includes\loop.php on line 243
[29-May-2025 13:57:21 UTC] PHP Deprecated:  Creation of dynamic property ACF::$revisions is deprecated in C:\Users\Lesya\Local Sites\portfolio\app\public\wp-content\plugins\advanced-custom-fields-pro\includes\revisions.php on line 389
[29-May-2025 13:57:21 UTC] PHP Deprecated:  Creation of dynamic property acf_validation::$errors is deprecated in C:\Users\Lesya\Local Sites\portfolio\app\public\wp-content\plugins\advanced-custom-fields-pro\includes\validation.php on line 26
[29-May-2025 13:57:21 UTC] PHP Deprecated:  Creation of dynamic property ACF::$validation is deprecated in C:\Users\Lesya\Local Sites\portfolio\app\public\wp-content\plugins\advanced-custom-fields-pro\includes\validation.php on line 216
[29-May-2025 13:57:21 UTC] PHP Deprecated:  Creation of dynamic property acf_form_customizer::$preview_values is deprecated in C:\Users\Lesya\Local Sites\portfolio\app\public\wp-content\plugins\advanced-custom-fields-pro\includes\forms\form-customizer.php on line 26
[29-May-2025 13:57:21 UTC] PHP Deprecated:  Creation of dynamic property acf_form_customizer::$preview_fields is deprecated in C:\Users\Lesya\Local Sites\portfolio\app\public\wp-content\plugins\advanced-custom-fields-pro\includes\forms\form-customizer.php on line 27
[29-May-2025 13:57:21 UTC] PHP Deprecated:  Creation of dynamic property acf_form_customizer::$preview_errors is deprecated in C:\Users\Lesya\Local Sites\portfolio\app\public\wp-content\plugins\advanced-custom-fields-pro\includes\forms\form-customizer.php on line 28
[29-May-2025 13:57:21 UTC] PHP Deprecated:  Creation of dynamic property ACF::$form_front is deprecated in C:\Users\Lesya\Local Sites\portfolio\app\public\wp-content\plugins\advanced-custom-fields-pro\includes\forms\form-front.php on line 561
[29-May-2025 13:57:21 UTC] PHP Deprecated:  Creation of dynamic property acf_form_widget::$preview_values is deprecated in C:\Users\Lesya\Local Sites\portfolio\app\public\wp-content\plugins\advanced-custom-fields-pro\includes\forms\form-widget.php on line 32
[29-May-2025 13:57:21 UTC] PHP Deprecated:  Creation of dynamic property acf_form_widget::$preview_reference is deprecated in C:\Users\Lesya\Local Sites\portfolio\app\public\wp-content\plugins\advanced-custom-fields-pro\includes\forms\form-widget.php on line 33
[29-May-2025 13:57:21 UTC] PHP Deprecated:  Creation of dynamic property acf_form_widget::$preview_errors is deprecated in C:\Users\Lesya\Local Sites\portfolio\app\public\wp-content\plugins\advanced-custom-fields-pro\includes\forms\form-widget.php on line 34
[29-May-2025 13:57:21 UTC] PHP Deprecated:  Creation of dynamic property acf_field_oembed::$width is deprecated in C:\Users\Lesya\Local Sites\portfolio\app\public\wp-content\plugins\advanced-custom-fields-pro\includes\fields\class-acf-field-oembed.php on line 41
[29-May-2025 13:57:21 UTC] PHP Deprecated:  Creation of dynamic property acf_field_oembed::$height is deprecated in C:\Users\Lesya\Local Sites\portfolio\app\public\wp-content\plugins\advanced-custom-fields-pro\includes\fields\class-acf-field-oembed.php on line 42
[29-May-2025 13:57:21 UTC] PHP Deprecated:  Creation of dynamic property acf_field_google_map::$default_values is deprecated in C:\Users\Lesya\Local Sites\portfolio\app\public\wp-content\plugins\advanced-custom-fields-pro\includes\fields\class-acf-field-google-map.php on line 43
[29-May-2025 13:57:21 UTC] PHP Deprecated:  Creation of dynamic property acf_field__group::$have_rows is deprecated in C:\Users\Lesya\Local Sites\portfolio\app\public\wp-content\plugins\advanced-custom-fields-pro\includes\fields\class-acf-field-group.php on line 41
[29-May-2025 13:57:21 UTC] PHP Deprecated:  Creation of dynamic property acf_field_clone::$cloning is deprecated in C:\Users\Lesya\Local Sites\portfolio\app\public\wp-content\plugins\advanced-custom-fields-pro\pro\fields\class-acf-field-clone.php on line 50
[29-May-2025 13:57:21 UTC] PHP Deprecated:  Creation of dynamic property acf_field_clone::$have_rows is deprecated in C:\Users\Lesya\Local Sites\portfolio\app\public\wp-content\plugins\advanced-custom-fields-pro\pro\fields\class-acf-field-clone.php on line 51
[29-May-2025 13:57:21 UTC] PHP Fatal error:  Uncaught TypeError: ltrim(): Argument #1 ($string) must be of type string, array given in C:\Users\Lesya\Local Sites\portfolio\app\public\wp-includes\formatting.php:4917
Stack trace:
#0 C:\Users\Lesya\Local Sites\portfolio\app\public\wp-includes\formatting.php(4917): ltrim(Array)
#1 C:\Users\Lesya\Local Sites\portfolio\app\public\wp-content\themes\goit\template-parts\selected-works.php(16): esc_url(Array)
#2 C:\Users\Lesya\Local Sites\portfolio\app\public\wp-includes\template.php(851): require('C:\\Users\\Lesya\\...')
#3 C:\Users\Lesya\Local Sites\portfolio\app\public\wp-includes\template.php(773): load_template('C:\\Users\\Lesya\\...', false, Array)
#4 C:\Users\Lesya\Local Sites\portfolio\app\public\wp-includes\general-template.php(210): locate_template(Array, true, false, Array)
#5 C:\Users\Lesya\Local Sites\portfolio\app\public\wp-content\themes\goit\home.php(24): get_template_part('template-parts/...', 'works')
#6 C:\Users\Lesya\Local Sites\portfolio\app\public\wp-includes\template-loader.php(108): include('C:\\Users\\Lesya\\...')
#7 C:\Users\Lesya\Local Sites\portfolio\app\public\wp-blog-header.php(18): require_once('C:\\Users\\Lesya\\...')
#8 C:\Users\Lesya\Local Sites\portfolio\app\public\index.php(17): require('C:\\Users\\Lesya\\...')
#9 {main}
  thrown in C:\Users\Lesya\Local Sites\portfolio\app\public\wp-includes\formatting.php on line 4917
[29-May-2025 13:57:24 UTC] PHP Notice:  Function _load_textdomain_just_in_time was called <strong>incorrectly</strong>. Translation loading for the <code>acf</code> domain was triggered too early. This is usually an indicator for some code in the plugin or theme running too early. Translations should be loaded at the <code>init</code> action or later. Please see <a href="https://developer.wordpress.org/advanced-administration/debug/debug-wordpress/">Debugging in WordPress</a> for more information. (This message was added in version 6.7.0.) in C:\Users\Lesya\Local Sites\portfolio\app\public\wp-includes\functions.php on line 6686
[29-May-2025 13:57:24 UTC] PHP Deprecated:  Creation of dynamic property ACF::$fields is deprecated in C:\Users\Lesya\Local Sites\portfolio\app\public\wp-content\plugins\advanced-custom-fields-pro\includes\fields.php on line 134
[29-May-2025 13:57:24 UTC] PHP Deprecated:  Creation of dynamic property acf_loop::$loops is deprecated in C:\Users\Lesya\Local Sites\portfolio\app\public\wp-content\plugins\advanced-custom-fields-pro\includes\loop.php on line 26
[29-May-2025 13:57:24 UTC] PHP Deprecated:  Creation of dynamic property ACF::$loop is deprecated in C:\Users\Lesya\Local Sites\portfolio\app\public\wp-content\plugins\advanced-custom-fields-pro\includes\loop.php on line 243
[29-May-2025 13:57:24 UTC] PHP Deprecated:  Creation of dynamic property ACF::$revisions is deprecated in C:\Users\Lesya\Local Sites\portfolio\app\public\wp-content\plugins\advanced-custom-fields-pro\includes\revisions.php on line 389
[29-May-2025 13:57:24 UTC] PHP Deprecated:  Creation of dynamic property acf_validation::$errors is deprecated in C:\Users\Lesya\Local Sites\portfolio\app\public\wp-content\plugins\advanced-custom-fields-pro\includes\validation.php on line 26
[29-May-2025 13:57:24 UTC] PHP Deprecated:  Creation of dynamic property ACF::$validation is deprecated in C:\Users\Lesya\Local Sites\portfolio\app\public\wp-content\plugins\advanced-custom-fields-pro\includes\validation.php on line 216
[29-May-2025 13:57:24 UTC] PHP Deprecated:  Creation of dynamic property acf_form_customizer::$preview_values is deprecated in C:\Users\Lesya\Local Sites\portfolio\app\public\wp-content\plugins\advanced-custom-fields-pro\includes\forms\form-customizer.php on line 26
[29-May-2025 13:57:24 UTC] PHP Deprecated:  Creation of dynamic property acf_form_customizer::$preview_fields is deprecated in C:\Users\Lesya\Local Sites\portfolio\app\public\wp-content\plugins\advanced-custom-fields-pro\includes\forms\form-customizer.php on line 27
[29-May-2025 13:57:24 UTC] PHP Deprecated:  Creation of dynamic property acf_form_customizer::$preview_errors is deprecated in C:\Users\Lesya\Local Sites\portfolio\app\public\wp-content\plugins\advanced-custom-fields-pro\includes\forms\form-customizer.php on line 28
[29-May-2025 13:57:24 UTC] PHP Deprecated:  Creation of dynamic property ACF::$form_front is deprecated in C:\Users\Lesya\Local Sites\portfolio\app\public\wp-content\plugins\advanced-custom-fields-pro\includes\forms\form-front.php on line 561
[29-May-2025 13:57:24 UTC] PHP Deprecated:  Creation of dynamic property acf_form_widget::$preview_values is deprecated in C:\Users\Lesya\Local Sites\portfolio\app\public\wp-content\plugins\advanced-custom-fields-pro\includes\forms\form-widget.php on line 32
[29-May-2025 13:57:24 UTC] PHP Deprecated:  Creation of dynamic property acf_form_widget::$preview_reference is deprecated in C:\Users\Lesya\Local Sites\portfolio\app\public\wp-content\plugins\advanced-custom-fields-pro\includes\forms\form-widget.php on line 33
[29-May-2025 13:57:24 UTC] PHP Deprecated:  Creation of dynamic property acf_form_widget::$preview_errors is deprecated in C:\Users\Lesya\Local Sites\portfolio\app\public\wp-content\plugins\advanced-custom-fields-pro\includes\forms\form-widget.php on line 34
[29-May-2025 13:57:24 UTC] PHP Deprecated:  Creation of dynamic property acf_field_oembed::$width is deprecated in C:\Users\Lesya\Local Sites\portfolio\app\public\wp-content\plugins\advanced-custom-fields-pro\includes\fields\class-acf-field-oembed.php on line 41
[29-May-2025 13:57:24 UTC] PHP Deprecated:  Creation of dynamic property acf_field_oembed::$height is deprecated in C:\Users\Lesya\Local Sites\portfolio\app\public\wp-content\plugins\advanced-custom-fields-pro\includes\fields\class-acf-field-oembed.php on line 42
[29-May-2025 13:57:24 UTC] PHP Deprecated:  Creation of dynamic property acf_field_google_map::$default_values is deprecated in C:\Users\Lesya\Local Sites\portfolio\app\public\wp-content\plugins\advanced-custom-fields-pro\includes\fields\class-acf-field-google-map.php on line 43
[29-May-2025 13:57:24 UTC] PHP Deprecated:  Creation of dynamic property acf_field__group::$have_rows is deprecated in C:\Users\Lesya\Local Sites\portfolio\app\public\wp-content\plugins\advanced-custom-fields-pro\includes\fields\class-acf-field-group.php on line 41
[29-May-2025 13:57:24 UTC] PHP Deprecated:  Creation of dynamic property acf_field_clone::$cloning is deprecated in C:\Users\Lesya\Local Sites\portfolio\app\public\wp-content\plugins\advanced-custom-fields-pro\pro\fields\class-acf-field-clone.php on line 50
[29-May-2025 13:57:24 UTC] PHP Deprecated:  Creation of dynamic property acf_field_clone::$have_rows is deprecated in C:\Users\Lesya\Local Sites\portfolio\app\public\wp-content\plugins\advanced-custom-fields-pro\pro\fields\class-acf-field-clone.php on line 51
[29-May-2025 13:57:26 UTC] PHP Notice:  Function _load_textdomain_just_in_time was called <strong>incorrectly</strong>. Translation loading for the <code>acf</code> domain was triggered too early. This is usually an indicator for some code in the plugin or theme running too early. Translations should be loaded at the <code>init</code> action or later. Please see <a href="https://developer.wordpress.org/advanced-administration/debug/debug-wordpress/">Debugging in WordPress</a> for more information. (This message was added in version 6.7.0.) in C:\Users\Lesya\Local Sites\portfolio\app\public\wp-includes\functions.php on line 6686
[29-May-2025 13:57:26 UTC] PHP Deprecated:  Creation of dynamic property ACF::$fields is deprecated in C:\Users\Lesya\Local Sites\portfolio\app\public\wp-content\plugins\advanced-custom-fields-pro\includes\fields.php on line 134
[29-May-2025 13:57:26 UTC] PHP Deprecated:  Creation of dynamic property acf_loop::$loops is deprecated in C:\Users\Lesya\Local Sites\portfolio\app\public\wp-content\plugins\advanced-custom-fields-pro\includes\loop.php on line 26
[29-May-2025 13:57:26 UTC] PHP Deprecated:  Creation of dynamic property ACF::$loop is deprecated in C:\Users\Lesya\Local Sites\portfolio\app\public\wp-content\plugins\advanced-custom-fields-pro\includes\loop.php on line 243
[29-May-2025 13:57:26 UTC] PHP Deprecated:  Creation of dynamic property ACF::$revisions is deprecated in C:\Users\Lesya\Local Sites\portfolio\app\public\wp-content\plugins\advanced-custom-fields-pro\includes\revisions.php on line 389
[29-May-2025 13:57:26 UTC] PHP Deprecated:  Creation of dynamic property acf_validation::$errors is deprecated in C:\Users\Lesya\Local Sites\portfolio\app\public\wp-content\plugins\advanced-custom-fields-pro\includes\validation.php on line 26
[29-May-2025 13:57:26 UTC] PHP Deprecated:  Creation of dynamic property ACF::$validation is deprecated in C:\Users\Lesya\Local Sites\portfolio\app\public\wp-content\plugins\advanced-custom-fields-pro\includes\validation.php on line 216
[29-May-2025 13:57:26 UTC] PHP Deprecated:  Creation of dynamic property acf_form_customizer::$preview_values is deprecated in C:\Users\Lesya\Local Sites\portfolio\app\public\wp-content\plugins\advanced-custom-fields-pro\includes\forms\form-customizer.php on line 26
[29-May-2025 13:57:26 UTC] PHP Deprecated:  Creation of dynamic property acf_form_customizer::$preview_fields is deprecated in C:\Users\Lesya\Local Sites\portfolio\app\public\wp-content\plugins\advanced-custom-fields-pro\includes\forms\form-customizer.php on line 27
[29-May-2025 13:57:26 UTC] PHP Deprecated:  Creation of dynamic property acf_form_customizer::$preview_errors is deprecated in C:\Users\Lesya\Local Sites\portfolio\app\public\wp-content\plugins\advanced-custom-fields-pro\includes\forms\form-customizer.php on line 28
[29-May-2025 13:57:26 UTC] PHP Deprecated:  Creation of dynamic property ACF::$form_front is deprecated in C:\Users\Lesya\Local Sites\portfolio\app\public\wp-content\plugins\advanced-custom-fields-pro\includes\forms\form-front.php on line 561
[29-May-2025 13:57:26 UTC] PHP Deprecated:  Creation of dynamic property acf_form_widget::$preview_values is deprecated in C:\Users\Lesya\Local Sites\portfolio\app\public\wp-content\plugins\advanced-custom-fields-pro\includes\forms\form-widget.php on line 32
[29-May-2025 13:57:26 UTC] PHP Deprecated:  Creation of dynamic property acf_form_widget::$preview_reference is deprecated in C:\Users\Lesya\Local Sites\portfolio\app\public\wp-content\plugins\advanced-custom-fields-pro\includes\forms\form-widget.php on line 33
[29-May-2025 13:57:26 UTC] PHP Deprecated:  Creation of dynamic property acf_form_widget::$preview_errors is deprecated in C:\Users\Lesya\Local Sites\portfolio\app\public\wp-content\plugins\advanced-custom-fields-pro\includes\forms\form-widget.php on line 34
[29-May-2025 13:57:26 UTC] PHP Deprecated:  Creation of dynamic property acf_field_oembed::$width is deprecated in C:\Users\Lesya\Local Sites\portfolio\app\public\wp-content\plugins\advanced-custom-fields-pro\includes\fields\class-acf-field-oembed.php on line 41
[29-May-2025 13:57:26 UTC] PHP Deprecated:  Creation of dynamic property acf_field_oembed::$height is deprecated in C:\Users\Lesya\Local Sites\portfolio\app\public\wp-content\plugins\advanced-custom-fields-pro\includes\fields\class-acf-field-oembed.php on line 42
[29-May-2025 13:57:26 UTC] PHP Deprecated:  Creation of dynamic property acf_field_google_map::$default_values is deprecated in C:\Users\Lesya\Local Sites\portfolio\app\public\wp-content\plugins\advanced-custom-fields-pro\includes\fields\class-acf-field-google-map.php on line 43
[29-May-2025 13:57:26 UTC] PHP Deprecated:  Creation of dynamic property acf_field__group::$have_rows is deprecated in C:\Users\Lesya\Local Sites\portfolio\app\public\wp-content\plugins\advanced-custom-fields-pro\includes\fields\class-acf-field-group.php on line 41
[29-May-2025 13:57:26 UTC] PHP Deprecated:  Creation of dynamic property acf_field_clone::$cloning is deprecated in C:\Users\Lesya\Local Sites\portfolio\app\public\wp-content\plugins\advanced-custom-fields-pro\pro\fields\class-acf-field-clone.php on line 50
[29-May-2025 13:57:26 UTC] PHP Deprecated:  Creation of dynamic property acf_field_clone::$have_rows is deprecated in C:\Users\Lesya\Local Sites\portfolio\app\public\wp-content\plugins\advanced-custom-fields-pro\pro\fields\class-acf-field-clone.php on line 51
[29-May-2025 14:19:19 UTC] PHP Fatal error:  Uncaught TypeError: ltrim(): Argument #1 ($string) must be of type string, array given in C:\Users\Lesya\Local Sites\portfolio\app\public\wp-includes\formatting.php:4917
Stack trace:
#0 C:\Users\Lesya\Local Sites\portfolio\app\public\wp-includes\formatting.php(4917): ltrim(Array)
#1 C:\Users\Lesya\Local Sites\portfolio\app\public\wp-content\themes\goit\template-parts\selected-works.php(16): esc_url(Array)
#2 C:\Users\Lesya\Local Sites\portfolio\app\public\wp-includes\template.php(851): require('C:\\Users\\Lesya\\...')
#3 C:\Users\Lesya\Local Sites\portfolio\app\public\wp-includes\template.php(773): load_template('C:\\Users\\Lesya\\...', false, Array)
#4 C:\Users\Lesya\Local Sites\portfolio\app\public\wp-includes\general-template.php(210): locate_template(Array, true, false, Array)
#5 C:\Users\Lesya\Local Sites\portfolio\app\public\wp-content\themes\goit\home.php(24): get_template_part('template-parts/...', 'works')
#6 C:\Users\Lesya\Local Sites\portfolio\app\public\wp-includes\template-loader.php(108): include('C:\\Users\\Lesya\\...')
#7 C:\Users\Lesya\Local Sites\portfolio\app\public\wp-blog-header.php(18): require_once('C:\\Users\\Lesya\\...')
#8 C:\Users\Lesya\Local Sites\portfolio\app\public\index.php(17): require('C:\\Users\\Lesya\\...')
#9 {main}
  thrown in C:\Users\Lesya\Local Sites\portfolio\app\public\wp-includes\formatting.php on line 4917
[29-May-2025 14:19:44 UTC] PHP Fatal error:  Uncaught TypeError: ltrim(): Argument #1 ($string) must be of type string, array given in C:\Users\Lesya\Local Sites\portfolio\app\public\wp-includes\formatting.php:4917
Stack trace:
#0 C:\Users\Lesya\Local Sites\portfolio\app\public\wp-includes\formatting.php(4917): ltrim(Array)
#1 C:\Users\Lesya\Local Sites\portfolio\app\public\wp-content\themes\goit\template-parts\selected-works.php(16): esc_url(Array)
#2 C:\Users\Lesya\Local Sites\portfolio\app\public\wp-includes\template.php(851): require('C:\\Users\\Lesya\\...')
#3 C:\Users\Lesya\Local Sites\portfolio\app\public\wp-includes\template.php(773): load_template('C:\\Users\\Lesya\\...', false, Array)
#4 C:\Users\Lesya\Local Sites\portfolio\app\public\wp-includes\general-template.php(210): locate_template(Array, true, false, Array)
#5 C:\Users\Lesya\Local Sites\portfolio\app\public\wp-content\themes\goit\home.php(24): get_template_part('template-parts/...', 'works')
#6 C:\Users\Lesya\Local Sites\portfolio\app\public\wp-includes\template-loader.php(108): include('C:\\Users\\Lesya\\...')
#7 C:\Users\Lesya\Local Sites\portfolio\app\public\wp-blog-header.php(18): require_once('C:\\Users\\Lesya\\...')
#8 C:\Users\Lesya\Local Sites\portfolio\app\public\index.php(17): require('C:\\Users\\Lesya\\...')
#9 {main}
  thrown in C:\Users\Lesya\Local Sites\portfolio\app\public\wp-includes\formatting.php on line 4917
[29-May-2025 14:22:52 UTC] PHP Fatal error:  Uncaught TypeError: ltrim(): Argument #1 ($string) must be of type string, array given in C:\Users\Lesya\Local Sites\portfolio\app\public\wp-includes\formatting.php:4917
Stack trace:
#0 C:\Users\Lesya\Local Sites\portfolio\app\public\wp-includes\formatting.php(4917): ltrim(Array)
#1 C:\Users\Lesya\Local Sites\portfolio\app\public\wp-content\themes\goit\template-parts\selected-works.php(23): esc_url(Array)
#2 C:\Users\Lesya\Local Sites\portfolio\app\public\wp-includes\template.php(851): require('C:\\Users\\Lesya\\...')
#3 C:\Users\Lesya\Local Sites\portfolio\app\public\wp-includes\template.php(773): load_template('C:\\Users\\Lesya\\...', false, Array)
#4 C:\Users\Lesya\Local Sites\portfolio\app\public\wp-includes\general-template.php(210): locate_template(Array, true, false, Array)
#5 C:\Users\Lesya\Local Sites\portfolio\app\public\wp-content\themes\goit\home.php(24): get_template_part('template-parts/...', 'works')
#6 C:\Users\Lesya\Local Sites\portfolio\app\public\wp-includes\template-loader.php(108): include('C:\\Users\\Lesya\\...')
#7 C:\Users\Lesya\Local Sites\portfolio\app\public\wp-blog-header.php(18): require_once('C:\\Users\\Lesya\\...')
#8 C:\Users\Lesya\Local Sites\portfolio\app\public\index.php(17): require('C:\\Users\\Lesya\\...')
#9 {main}
  thrown in C:\Users\Lesya\Local Sites\portfolio\app\public\wp-includes\formatting.php on line 4917
[29-May-2025 14:24:46 UTC] PHP Fatal error:  Uncaught TypeError: ltrim(): Argument #1 ($string) must be of type string, array given in C:\Users\Lesya\Local Sites\portfolio\app\public\wp-includes\formatting.php:4917
Stack trace:
#0 C:\Users\Lesya\Local Sites\portfolio\app\public\wp-includes\formatting.php(4917): ltrim(Array)
#1 C:\Users\Lesya\Local Sites\portfolio\app\public\wp-content\themes\goit\template-parts\selected-works.php(23): esc_url(Array)
#2 C:\Users\Lesya\Local Sites\portfolio\app\public\wp-includes\template.php(851): require('C:\\Users\\Lesya\\...')
#3 C:\Users\Lesya\Local Sites\portfolio\app\public\wp-includes\template.php(773): load_template('C:\\Users\\Lesya\\...', false, Array)
#4 C:\Users\Lesya\Local Sites\portfolio\app\public\wp-includes\general-template.php(210): locate_template(Array, true, false, Array)
#5 C:\Users\Lesya\Local Sites\portfolio\app\public\wp-content\themes\goit\home.php(24): get_template_part('template-parts/...', 'works')
#6 C:\Users\Lesya\Local Sites\portfolio\app\public\wp-includes\template-loader.php(108): include('C:\\Users\\Lesya\\...')
#7 C:\Users\Lesya\Local Sites\portfolio\app\public\wp-blog-header.php(18): require_once('C:\\Users\\Lesya\\...')
#8 C:\Users\Lesya\Local Sites\portfolio\app\public\index.php(17): require('C:\\Users\\Lesya\\...')
#9 {main}
  thrown in C:\Users\Lesya\Local Sites\portfolio\app\public\wp-includes\formatting.php on line 4917
[29-May-2025 14:24:56 UTC] PHP Fatal error:  Uncaught TypeError: ltrim(): Argument #1 ($string) must be of type string, array given in C:\Users\Lesya\Local Sites\portfolio\app\public\wp-includes\formatting.php:4917
Stack trace:
#0 C:\Users\Lesya\Local Sites\portfolio\app\public\wp-includes\formatting.php(4917): ltrim(Array)
#1 C:\Users\Lesya\Local Sites\portfolio\app\public\wp-content\themes\goit\template-parts\selected-works.php(23): esc_url(Array)
#2 C:\Users\Lesya\Local Sites\portfolio\app\public\wp-includes\template.php(851): require('C:\\Users\\Lesya\\...')
#3 C:\Users\Lesya\Local Sites\portfolio\app\public\wp-includes\template.php(773): load_template('C:\\Users\\Lesya\\...', false, Array)
#4 C:\Users\Lesya\Local Sites\portfolio\app\public\wp-includes\general-template.php(210): locate_template(Array, true, false, Array)
#5 C:\Users\Lesya\Local Sites\portfolio\app\public\wp-content\themes\goit\home.php(24): get_template_part('template-parts/...', 'works')
#6 C:\Users\Lesya\Local Sites\portfolio\app\public\wp-includes\template-loader.php(108): include('C:\\Users\\Lesya\\...')
#7 C:\Users\Lesya\Local Sites\portfolio\app\public\wp-blog-header.php(18): require_once('C:\\Users\\Lesya\\...')
#8 C:\Users\Lesya\Local Sites\portfolio\app\public\index.php(17): require('C:\\Users\\Lesya\\...')
#9 {main}
  thrown in C:\Users\Lesya\Local Sites\portfolio\app\public\wp-includes\formatting.php on line 4917
[30-May-2025 09:48:02 UTC] Cron reschedule event error for hook: delete_expired_transients, Error code: could_not_set, Error message: The cron event list could not be saved., Data: {"schedule":"daily","args":[],"interval":86400}
